<?xml version="1.0" encoding="UTF-8"?>
<!-- Generated by org.testng.reporters.JUnitReportReporter -->
<testsuite hostname="DESKTOP-FO9P9SL" failures="0" tests="1" name="com.inetBanking.testcases.TC_LoginTest_001" time="45.706" errors="0" timestamp="2022-08-06T11:09:16 IST" skipped="0">
  <testcase classname="com.inetBanking.testcases.TC_LoginTest_001" name="loginTest" time="45.706"/>
  <system-out/>
</testsuite> <!-- com.inetBanking.testcases.TC_LoginTest_001 -->
